1.56000 1.56000 1.56000 1.56000 1.56000 1.56000 1.56000 1.56000 1.56000 1.56000
5.32000 0.00000 0.00000 0.00000 0.00000 0.00000 0.00000 0.00000 0.00000 3.88000
5.32000 0.00000 0.00000 0.00000 0.00000 0.00000 0.00000 0.00000 0.00000 3.88000
5.32000 0.00000 0.00000 0.00000 0.00000 0.00000 0.00000 0.00000 0.00000 3.88000
5.32000 0.00000 0.00000 0.00000 0.00000 0.00000 0.00000 0.00000 0.00000 3.88000
5.32000 0.00000 0.00000 0.00000 0.00000 0.00000 0.00000 0.00000 0.00000 3.88000
5.32000 0.00000 0.00000 0.00000 0.00000 0.00000 0.00000 0.00000 0.00000 3.88000
5.32000 0.00000 0.00000 0.00000 0.00000 0.00000 0.00000 0.00000 0.00000 3.88000
5.32000 0.00000 0.00000 0.00000 0.00000 0.00000 0.00000 0.00000 0.00000 3.88000
10.85000 10.85000 10.85000 10.85000 10.85000 10.85000 10.85000 10.85000 10.85000 10.85000

1.56000 1.56000 1.56000 1.56000 1.56000 1.56000 1.56000 1.56000 1.56000 1.56000
5.32000 3.54762 2.90383 2.63991 2.51960 2.46485 2.46170 2.54839 2.86710 3.88000
5.32000 4.40663 3.86780 3.57622 3.41362 3.31812 3.27357 3.30475 3.48001 3.88000
5.32000 4.89111 4.58452 4.38355 4.24055 4.12042 4.00972 3.91705 3.86817 3.88000
5.32000 5.25330 5.19562 5.13292 5.04461 4.91331 4.72785 4.48555 4.19563 3.88000
5.32000 5.60646 5.81174 5.90789 5.89166 5.76036 5.50283 5.10167 4.54879 3.88000
5.32000 6.04080 6.53700 6.79525 6.85377 6.73365 6.42142 5.86953 5.01786 3.88000
5.32000 6.69973 7.50023 7.88233 7.99455 7.89904 7.57969 6.93718 5.77311 3.88000
5.32000 7.93790 8.88186 9.23931 9.34304 9.28829 9.06110 8.52642 7.25738 3.88000
10.85000 10.85000 10.85000 10.85000 10.85000 10.85000 10.85000 10.85000 10.85000 10.85000
