12	12	0.0050039291	
12	12	0.0050170422	
12	12	0.0050201416	
12	12	0.0050170422	
12	12	0.0050139427	
12	12	0.0050151348	
12	12	0.0050060749	
12	12	0.0050189495	
12	12	0.0050039291	
12	12	0.0050201416	
12	12	0.0050039291	
12	12	0.0050039291	
62	12	0.0204989910	
62	12	0.0204939842	
62	12	0.0204989910	
62	12	0.0204958916	
62	12	0.0205008984	
62	12	0.0204977989	
62	12	0.0204927921	
62	12	0.0204989910	
62	12	0.0204977989	
62	12	0.0204751492	
62	12	0.0204751492	
62	12	0.0204989910	
112	12	0.1196811199	
112	12	0.1196820736	
112	12	0.1196839809	
112	12	0.1196830273	
112	12	0.1196839809	
112	12	0.1196839809	
112	12	0.1196830273	
112	12	0.1196789742	
112	12	0.1196839809	
112	12	0.1196660995	
112	12	0.1196670532	
112	12	0.1196849346	
162	12	0.3076109886	
162	12	0.3076109886	
162	12	0.3075850010	
162	12	0.3076109886	
162	12	0.3076119423	
162	12	0.3076150417	
162	12	0.3076100349	
162	12	0.3076140881	
162	12	0.3076069355	
162	12	0.3076119423	
162	12	0.3076119423	
162	12	0.3076109886	
212	12	0.7254421711	
212	12	0.7254619598	
212	12	0.7254400253	
212	12	0.7254259586	
212	12	0.7254631519	
212	12	0.7254641056	
212	12	0.7254619598	
212	12	0.7254550457	
212	12	0.7254619598	
212	12	0.7254610062	
212	12	0.7254641056	
212	12	0.7254610062	
412	12	5.2791280746	
412	12	5.2791230679	
412	12	5.2791321278	
412	12	5.2791180611	
412	12	5.2791321278	
412	12	5.2791290283	
412	12	5.2791290283	
412	12	5.2790400982	
412	12	5.2791299820	
412	12	5.2791299820	
412	12	5.2791240215	
412	12	5.2791261673	
612	12	14.1493439674	
612	12	14.1493480206	
612	12	14.1493508816	
612	12	14.1493408680	
612	12	14.1493368149	
612	12	14.1493489742	
612	12	14.1493339539	
612	12	14.1492400169	
612	12	14.1493470669	
612	12	14.1493458748	
612	12	14.1493399143	
612	12	14.1493418217	
812	12	23.2240631580	
812	12	23.2240731716	
812	12	23.2240819931	
812	12	23.2240791321	
812	12	23.2240841389	
812	12	23.2240781784	
812	12	23.2240700722	
812	12	23.2240660191	
812	12	23.2240850925	
812	12	23.2240829468	
812	12	23.2240679264	
812	12	23.2240810394	
1012	12	34.6583781242	
1012	12	34.6583909988	
1012	12	34.6583929062	
1012	12	34.6584029198	
1012	12	34.6583979130	
1012	12	34.6584100723	
1012	12	34.6584038734	
1012	12	34.6584010124	
1012	12	34.6584079266	
1012	12	34.6584029198	
1012	12	34.6583929062	
1012	12	34.6583950520	
1212	12	48.9760360718	
1212	12	48.9760420322	
1212	12	48.9760439396	
1212	12	48.9760420322	
1212	12	48.9760348797	
1212	12	48.9760458469	
1212	12	48.9760348797	
1212	12	48.9760358334	
1212	12	48.9760348797	
1212	12	48.9760379791	
1212	12	48.9760398865	
1212	12	48.9760298729	
1412	12	66.4261410236	
1412	12	66.4261379242	
1412	12	66.4261419773	
1412	12	66.4261429310	
1412	12	66.4261329174	
1412	12	66.4261419773	
1412	12	66.4261360168	
1412	12	66.4261269569	
1412	12	66.4261519909	
1412	12	66.4261548519	
1412	12	66.4261548519	
1412	12	66.4261529446	
1612	12	86.5284140110	
1612	12	86.5284128189	
1612	12	86.5284199715	
1612	12	86.5284140110	
1612	12	86.5284218788	
1612	12	86.5284318924	
1612	12	86.5284209251	
1612	12	86.5283119678	
1612	12	86.5284228325	
1612	12	86.5284228325	
1612	12	86.5284159184	
1612	12	86.5284190178	
1812	12	108.5472040176	
1812	12	108.5472149849	
1812	12	108.5472180843	
1812	12	108.5472140312	
1812	12	108.5471911430	
1812	12	108.5472180843	
1812	12	108.5471961498	
1812	12	108.5471119881	
1812	12	108.5472080708	
1812	12	108.5472121239	
1812	12	108.5472049713	
1812	12	108.5471971035	
