10	2	0.0003890991	
10	2	0.0003929138	
60	2	0.0358591080	
60	2	0.0358600616	
110	2	0.3108549118	
110	2	0.3108577728	
160	2	1.1494488716	
160	2	1.1494319439	
210	2	2.9092869759	
210	2	2.9093089104	
410	2	24.6266520023	
410	2	24.6267039776	
610	2	69.9508709908	
610	2	69.9509057999	
810	2	116.9778280258	
810	2	116.9778850079	
1010	2	176.3236410618	
1010	2	176.3236780167	
1210	2	252.6670670509	
1210	2	252.6670589447	
1410	2	343.0928540230	
1410	2	343.0928411484	
1610	2	447.3792469501	
1610	2	447.3792359829	
srun: Job step aborted: Waiting up to 32 seconds for job step to finish.
slurmstepd: error: *** STEP 482725.0 ON nid00506 CANCELLED AT 2020-04-25T14:54:58 DUE TO TIME LIMIT ***
slurmstepd: error: *** JOB 482725 ON nid00506 CANCELLED AT 2020-04-25T14:54:58 DUE TO TIME LIMIT ***
srun: got SIGCONT
srun: forcing job termination
