48	48	0.4328250885	
48	48	0.4328680038	
48	48	0.4328391552	
48	48	0.4328272343	
48	48	0.4328320026	
48	48	0.4328351021	
48	48	0.4328460693	
48	48	0.4328460693	
48	48	0.4328460693	
48	48	0.4328351021	
48	48	0.4328351021	
48	48	0.4328181744	
48	48	0.4328432083	
48	48	0.4328382015	
48	48	0.4328160286	
48	48	0.4328291416	
48	48	0.4328341484	
48	48	0.4328200817	
48	48	0.4328181744	
48	48	0.4328460693	
48	48	0.4328360558	
48	48	0.4328370094	
48	48	0.4328451157	
48	48	0.4328191280	
48	48	0.4328300953	
48	48	0.4328501225	
48	48	0.4328570366	
48	48	0.4328529835	
48	48	0.4328441620	
48	48	0.4328370094	
48	48	0.4328401089	
48	48	0.4328579903	
48	48	0.4328501225	
48	48	0.4328482151	
48	48	0.4328591824	
48	48	0.4328510761	
48	48	0.4328541756	
48	48	0.4328520298	
48	48	0.4328670502	
48	48	0.4328432083	
48	48	0.4328331947	
48	48	0.4328391552	
48	48	0.4328382015	
48	48	0.4328491688	
48	48	0.4328420162	
48	48	0.4328660965	
48	48	0.4328560829	
48	48	0.4328520298	
98	48	0.2597160339	
98	48	0.2597010136	
98	48	0.2597119808	
98	48	0.2597069740	
98	48	0.2597279549	
98	48	0.2596831322	
98	48	0.2597260475	
98	48	0.2597301006	
98	48	0.2597160339	
98	48	0.2597210407	
98	48	0.2597270012	
98	48	0.2597301006	
98	48	0.2597188950	
98	48	0.2597260475	
98	48	0.2597239017	
98	48	0.2597279549	
98	48	0.2597279549	
98	48	0.2597191334	
98	48	0.2597270012	
98	48	0.2597260475	
98	48	0.2597119808	
98	48	0.2597260475	
98	48	0.2597279549	
98	48	0.2597301006	
98	48	0.2597270012	
98	48	0.2597050667	
98	48	0.2597088814	
98	48	0.2597270012	
98	48	0.2597279549	
98	48	0.2597270012	
98	48	0.2597088814	
98	48	0.2597310543	
98	48	0.2597279549	
98	48	0.2597279549	
98	48	0.2597210407	
98	48	0.2597188950	
98	48	0.2597279549	
98	48	0.2597050667	
98	48	0.2597298622	
98	48	0.2597250938	
98	48	0.2597100735	
98	48	0.2597188950	
98	48	0.2597229481	
98	48	0.2597088814	
98	48	0.2597279549	
98	48	0.2597100735	
98	48	0.2597060204	
98	48	0.2597200871	
148	48	0.5350770950	
148	48	0.5350599289	
148	48	0.5350668430	
148	48	0.5350608826	
148	48	0.5350739956	
148	48	0.5350611210	
148	48	0.5350739956	
148	48	0.5350570679	
148	48	0.5350608826	
148	48	0.5350530148	
148	48	0.5350649357	
148	48	0.5350508690	
148	48	0.5350558758	
148	48	0.5350530148	
148	48	0.5350630283	
148	48	0.5350530148	
148	48	0.5350630283	
148	48	0.5350570679	
148	48	0.5350639820	
148	48	0.5350549221	
148	48	0.5350589752	
148	48	0.5350549221	
148	48	0.5350668430	
148	48	0.5350530148	
148	48	0.5350618362	
148	48	0.5350511074	
148	48	0.5350630283	
148	48	0.5350499153	
148	48	0.5350630283	
148	48	0.5350499153	
148	48	0.5350649357	
148	48	0.5350508690	
148	48	0.5350608826	
148	48	0.5350508690	
148	48	0.5350639820	
148	48	0.5350520611	
148	48	0.5350639820	
148	48	0.5350489616	
148	48	0.5350680351	
148	48	0.5350520611	
148	48	0.5350689888	
148	48	0.5350530148	
148	48	0.5350708961	
148	48	0.5350570679	
148	48	0.5350689888	
148	48	0.5350620747	
148	48	0.5350689888	
148	48	0.5350599289	
198	48	0.9344880581	
198	48	0.9344880581	
198	48	0.9344739914	
198	48	0.9344861507	
198	48	0.9344820976	
198	48	0.9344749451	
198	48	0.9344830513	
198	48	0.9344861507	
198	48	0.9344770908	
198	48	0.9344680309	
198	48	0.9344758987	
198	48	0.9344699383	
198	48	0.9344770908	
198	48	0.9344730377	
198	48	0.9344749451	
198	48	0.9344720840	
198	48	0.9344758987	
198	48	0.9344720840	
198	48	0.9344770908	
198	48	0.9344749451	
198	48	0.9344749451	
198	48	0.9344720840	
198	48	0.9344770908	
198	48	0.9344711304	
198	48	0.9344758987	
198	48	0.9344739914	
198	48	0.9344780445	
198	48	0.9344708920	
198	48	0.9344739914	
198	48	0.9344770908	
198	48	0.9344780445	
198	48	0.9344730377	
198	48	0.9344770908	
198	48	0.9344739914	
198	48	0.9344809055	
198	48	0.9344770908	
198	48	0.9344799519	
198	48	0.9344780445	
198	48	0.9344799519	
198	48	0.9344789982	
198	48	0.9344799519	
198	48	0.9344809055	
198	48	0.9344830513	
198	48	0.9344830513	
198	48	0.9344780445	
198	48	0.9344809055	
198	48	0.9344739914	
198	48	0.9344799519	
248	48	1.4241869450	
248	48	1.4241881371	
248	48	1.4241781235	
248	48	1.4241859913	
248	48	1.4241859913	
248	48	1.4241740704	
248	48	1.4241850376	
248	48	1.4241831303	
248	48	1.4241759777	
248	48	1.4241709709	
248	48	1.4241759777	
248	48	1.4241700172	
248	48	1.4241769314	
248	48	1.4241690636	
248	48	1.4241781235	
248	48	1.4241659641	
248	48	1.4241769314	
248	48	1.4241721630	
248	48	1.4241781235	
248	48	1.4241731167	
248	48	1.4241759777	
248	48	1.4241731167	
248	48	1.4241781235	
248	48	1.4241700172	
248	48	1.4241740704	
248	48	1.4241731167	
248	48	1.4241740704	
248	48	1.4241709709	
248	48	1.4241759777	
248	48	1.4241731167	
248	48	1.4241778851	
248	48	1.4241731167	
248	48	1.4241769314	
248	48	1.4241750240	
248	48	1.4241790771	
248	48	1.4241740704	
248	48	1.4241809845	
248	48	1.4241759777	
248	48	1.4241850376	
248	48	1.4241781235	
248	48	1.4241819382	
248	48	1.4241790771	
248	48	1.4241828918	
248	48	1.4241771698	
248	48	1.4241828918	
248	48	1.4241731167	
248	48	1.4241840839	
248	48	1.4241809845	
448	48	4.1249899864	
448	48	4.1249799728	
448	48	4.1249489784	
448	48	4.1249821186	
448	48	4.1249849796	
448	48	4.1249361038	
448	48	4.1249809265	
448	48	4.1249709129	
448	48	4.1249718666	
448	48	4.1249639988	
448	48	4.1249749660	
448	48	4.1249630451	
448	48	4.1249737740	
448	48	4.1249639988	
448	48	4.1249749660	
448	48	4.1249630451	
448	48	4.1249699593	
448	48	4.1249690056	
448	48	4.1249749660	
448	48	4.1249608994	
448	48	4.1249718666	
448	48	4.1249670982	
448	48	4.1249749660	
448	48	4.1249620914	
448	48	4.1249709129	
448	48	4.1249659061	
448	48	4.1249678135	
448	48	4.1249608994	
448	48	4.1249749660	
448	48	4.1249649525	
448	48	4.1249749660	
448	48	4.1249630451	
448	48	4.1249749660	
448	48	4.1249670982	
448	48	4.1249737740	
448	48	4.1249730587	
448	48	4.1249768734	
448	48	4.1249709129	
448	48	4.1249778271	
448	48	4.1249668598	
448	48	4.1249787807	
448	48	4.1249768734	
448	48	4.1249787807	
448	48	4.1249759197	
448	48	4.1249778271	
448	48	4.1249790192	
448	48	4.1249759197	
448	48	4.1249730587	
648	48	7.3259460926	
648	48	7.3259549141	
648	48	7.3258750439	
648	48	7.3259539604	
648	48	7.3259489536	
648	48	7.3259520531	
648	48	7.3258709908	
648	48	7.3259379864	
648	48	7.3259489536	
648	48	7.3259341717	
648	48	7.3259379864	
648	48	7.3259451389	
648	48	7.3259370327	
648	48	7.3259360790	
648	48	7.3259279728	
648	48	7.3259420395	
648	48	7.3259360790	
648	48	7.3259401321	
648	48	7.3259329796	
648	48	7.3259432316	
648	48	7.3259279728	
648	48	7.3259410858	
648	48	7.3259379864	
648	48	7.3259391785	
648	48	7.3259270191	
648	48	7.3259429932	
648	48	7.3259270191	
648	48	7.3259351254	
648	48	7.3259229660	
648	48	7.3259360790	
648	48	7.3259370327	
648	48	7.3259370327	
648	48	7.3259370327	
648	48	7.3259320259	
648	48	7.3259401321	
648	48	7.3259279728	
648	48	7.3259441853	
648	48	7.3259360790	
648	48	7.3259441853	
648	48	7.3259429932	
648	48	7.3259470463	
648	48	7.3259398937	
648	48	7.3259451389	
648	48	7.3259329796	
648	48	7.3259451389	
648	48	7.3259420395	
648	48	7.3259520531	
648	48	7.3259398937	
848	48	9.7332100868	
848	48	9.7331840992	
848	48	9.7330729961	
848	48	9.7332141399	
848	48	9.7332019806	
848	48	9.7330830097	
848	48	9.7331850529	
848	48	9.7332041264	
848	48	9.7331919670	
848	48	9.7332000732	
848	48	9.7331719398	
848	48	9.7331821918	
848	48	9.7331831455	
848	48	9.7331991196	
848	48	9.7331659794	
848	48	9.7331809998	
848	48	9.7332029343	
848	48	9.7331919670	
848	48	9.7331790924	
848	48	9.7331869602	
848	48	9.7331910133	
848	48	9.7331960201	
848	48	9.7331960201	
848	48	9.7331771851	
848	48	9.7331979275	
848	48	9.7331891060	
848	48	9.7331840992	
848	48	9.7331759930	
848	48	9.7332010269	
848	48	9.7331950665	
848	48	9.7331869602	
848	48	9.7331850529	
848	48	9.7332079411	
848	48	9.7331950665	
848	48	9.7331891060	
848	48	9.7331910133	
848	48	9.7332129478	
848	48	9.7331969738	
848	48	9.7332010269	
848	48	9.7331941128	
848	48	9.7332050800	
848	48	9.7332019806	
848	48	9.7331979275	
848	48	9.7332010269	
848	48	9.7332038879	
848	48	9.7332069874	
848	48	9.7332079411	
848	48	9.7331941128	
1048	48	13.3472149372	
1048	48	13.3472268581	
1048	48	13.3470470905	
1048	48	13.3472409248	
1048	48	13.3472290039	
1048	48	13.3470518589	
1048	48	13.3472189903	
1048	48	13.3472368717	
1048	48	13.3472089767	
1048	48	13.3472208977	
1048	48	13.3472080231	
1048	48	13.3472259045	
1048	48	13.3472139835	
1048	48	13.3472189903	
1048	48	13.3472089767	
1048	48	13.3472158909	
1048	48	13.3472089767	
1048	48	13.3472239971	
1048	48	13.3472058773	
1048	48	13.3472218513	
1048	48	13.3472039700	
1048	48	13.3472259045	
1048	48	13.3472108841	
1048	48	13.3472239971	
1048	48	13.3471949100	
1048	48	13.3472239971	
1048	48	13.3472018242	
1048	48	13.3472108841	
1048	48	13.3472008705	
1048	48	13.3472177982	
1048	48	13.3472139835	
1048	48	13.3472208977	
1048	48	13.3472280502	
1048	48	13.3472149372	
1048	48	13.3472149372	
1048	48	13.3472290039	
1048	48	13.3472218513	
1048	48	13.3472290039	
1048	48	13.3472239971	
1048	48	13.3472268581	
1048	48	13.3472249508	
1048	48	13.3472290039	
1048	48	13.3472321033	
1048	48	13.3472318649	
1048	48	13.3472299576	
1048	48	13.3472259045	
1048	48	13.3472299576	
1048	48	13.3472249508	
1248	48	17.4686100483	
1248	48	17.4683849812	
1248	48	17.4685621262	
1248	48	17.4686460495	
1248	48	17.4686419964	
1248	48	17.4686450958	
1248	48	17.4683949947	
1248	48	17.4686350822	
1248	48	17.4686400890	
1248	48	17.4686369896	
1248	48	17.4686250687	
1248	48	17.4686369896	
1248	48	17.4686219692	
1248	48	17.4686360359	
1248	48	17.4686200619	
1248	48	17.4686210155	
1248	48	17.4686319828	
1248	48	17.4686260223	
1248	48	17.4686291218	
1248	48	17.4686341286	
1248	48	17.4686119556	
1248	48	17.4686281681	
1248	48	17.4686329365	
1248	48	17.4686210155	
1248	48	17.4686269760	
1248	48	17.4686169624	
1248	48	17.4686310291	
1248	48	17.4686250687	
1248	48	17.4686219692	
1248	48	17.4686319828	
1248	48	17.4686250687	
1248	48	17.4686269760	
1248	48	17.4686300755	
1248	48	17.4686200619	
1248	48	17.4686181545	
1248	48	17.4686388969	
1248	48	17.4686379433	
1248	48	17.4686338902	
1248	48	17.4686379433	
1248	48	17.4686269760	
1248	48	17.4686219692	
1248	48	17.4686210155	
1248	48	17.4686319828	
1248	48	17.4686350822	
1248	48	17.4686241150	
1248	48	17.4686310291	
1248	48	17.4686131477	
1248	48	17.4686141014	
1448	48	22.7688009739	
1448	48	22.7686350346	
1448	48	22.7685711384	
1448	48	22.7688028812	
1448	48	22.7688510418	
1448	48	22.7687978745	
1448	48	22.7688519955	
1448	48	22.7684738636	
1448	48	22.7688431740	
1448	48	22.7687840462	
1448	48	22.7688391209	
1448	48	22.7687869072	
1448	48	22.7688322067	
1448	48	22.7687778473	
1448	48	22.7688391209	
1448	48	22.7687940598	
1448	48	22.7688381672	
1448	48	22.7688100338	
1448	48	22.7688322067	
1448	48	22.7688019276	
1448	48	22.7688441277	
1448	48	22.7688150406	
1448	48	22.7688350677	
1448	48	22.7688028812	
1448	48	22.7688331604	
1448	48	22.7688109875	
1448	48	22.7688260078	
1448	48	22.7687900066	
1448	48	22.7688391209	
1448	48	22.7688059807	
1448	48	22.7688410282	
1448	48	22.7688119411	
1448	48	22.7688410282	
1448	48	22.7687969208	
1448	48	22.7688450813	
1448	48	22.7687950134	
1448	48	22.7688500881	
1448	48	22.7688050270	
1448	48	22.7688481808	
1448	48	22.7688009739	
1448	48	22.7688510418	
1448	48	22.7688019276	
1448	48	22.7688519955	
1448	48	22.7688088417	
1448	48	22.7688472271	
1448	48	22.7688109875	
1448	48	22.7688381672	
1448	48	22.7688138485	
1648	48	28.1831138134	
1648	48	28.1828949451	
1648	48	28.1829001904	
1648	48	28.1831500530	
1648	48	28.1831820011	
1648	48	28.1831490993	
1648	48	28.1831810474	
1648	48	28.1828300953	
1648	48	28.1831619740	
1648	48	28.1831312180	
1648	48	28.1831650734	
1648	48	28.1831181049	
1648	48	28.1831648350	
1648	48	28.1831281185	
1648	48	28.1831560135	
1648	48	28.1831290722	
1648	48	28.1831700802	
1648	48	28.1831312180	
1648	48	28.1831691265	
1648	48	28.1831200123	
1648	48	28.1831698418	
1648	48	28.1831290722	
1648	48	28.1831707954	
1648	48	28.1831161976	
1648	48	28.1831531525	
1648	48	28.1831281185	
1648	48	28.1831631660	
1648	48	28.1831099987	
1648	48	28.1831481457	
1648	48	28.1831190586	
1648	48	28.1831691265	
1648	48	28.1831312180	
1648	48	28.1831631660	
1648	48	28.1831510067	
1648	48	28.1831591129	
1648	48	28.1831550598	
1648	48	28.1831691265	
1648	48	28.1831591129	
1648	48	28.1831521988	
1648	48	28.1831510067	
1648	48	28.1831510067	
1648	48	28.1831560135	
1648	48	28.1831660271	
1648	48	28.1831510067	
1648	48	28.1831650734	
1648	48	28.1831541061	
1648	48	28.1831781864	
1648	48	28.1831610203	
1848	48	34.3310840130	
1848	48	34.3311171532	
1848	48	34.3308780193	
1848	48	34.3311820030	
1848	48	34.3311698437	
1848	48	34.3306360245	
1848	48	34.3311731815	
1848	48	34.3311791420	
1848	48	34.3311581612	
1848	48	34.3311619759	
1848	48	34.3311569691	
1848	48	34.3311631680	
1848	48	34.3311610222	
1848	48	34.3311510086	
1848	48	34.3311400414	
1848	48	34.3311731815	
1848	48	34.3311619759	
1848	48	34.3311741352	
1848	48	34.3311700821	
1848	48	34.3311681747	
1848	48	34.3311681747	
1848	48	34.3311469555	
1848	48	34.3311700821	
1848	48	34.3311681747	
1848	48	34.3311660290	
1848	48	34.3311719894	
1848	48	34.3311471939	
1848	48	34.3311569691	
1848	48	34.3311522007	
1848	48	34.3311419487	
1848	48	34.3311691284	
1848	48	34.3311750889	
1848	48	34.3311531544	
1848	48	34.3311610222	
1848	48	34.3311610222	
1848	48	34.3311500549	
1848	48	34.3311710358	
1848	48	34.3311600685	
1848	48	34.3311591148	
1848	48	34.3311519623	
1848	48	34.3311409950	
1848	48	34.3311481476	
1848	48	34.3311719894	
1848	48	34.3311569691	
1848	48	34.3311431408	
1848	48	34.3311681747	
1848	48	34.3311491013	
1848	48	34.3311631680	
