10	5	0.0004591942	
10	5	0.0004580021	
10	5	0.0004560947	
10	5	0.0004601479	
10	5	0.0004620552	
60	5	0.0193021297	
60	5	0.0192990303	
60	5	0.0192980766	
60	5	0.0192999840	
60	5	0.0192980766	
110	5	0.1493818760	
110	5	0.1493828297	
110	5	0.1493828297	
110	5	0.1493830681	
110	5	0.1493837833	
160	5	0.5382709503	
160	5	0.5382709503	
160	5	0.5382709503	
160	5	0.5382699966	
160	5	0.5382719040	
210	5	1.3102209568	
210	5	1.3102271557	
210	5	1.3102159500	
210	5	1.3102250099	
210	5	1.3102240562	
410	5	10.7444450855	
410	5	10.7443659306	
410	5	10.7444579601	
410	5	10.7443659306	
410	5	10.7443690300	
610	5	30.2434999943	
610	5	30.2434060574	
610	5	30.2434999943	
610	5	30.2434129715	
610	5	30.2434048653	
810	5	50.3388578892	
810	5	50.3388438225	
810	5	50.3388559818	
810	5	50.3388519287	
810	5	50.3388488293	
1010	5	76.0100889206	
1010	5	76.0100331306	
1010	5	76.0100851059	
1010	5	76.0100409985	
1010	5	76.0100359917	
1210	5	108.3724858761	
1210	5	108.3722708225	
1210	5	108.3724799156	
1210	5	108.3722782135	
1210	5	108.3722620010	
1410	5	147.6808381081	
1410	5	147.6805701256	
1410	5	147.6808371544	
1410	5	147.6805729866	
1410	5	147.6805670261	
1610	5	191.6713719368	
1610	5	191.6710579395	
1610	5	191.6713590622	
1610	5	191.6710650921	
1610	5	191.6710579395	
1810	5	242.1389660835	
1810	5	242.1387081146	
1810	5	242.1389560699	
1810	5	242.1386981010	
1810	5	242.1387050152	
