24	24	0.0689699650	
24	24	0.0689690113	
24	24	0.0689549446	
24	24	0.0689439774	
24	24	0.0689549446	
24	24	0.0689678192	
24	24	0.0689408779	
24	24	0.0689609051	
24	24	0.0689458847	
24	24	0.0689449310	
24	24	0.0689568520	
24	24	0.0689609051	
24	24	0.0689618587	
24	24	0.0689389706	
24	24	0.0689518452	
24	24	0.0689668655	
24	24	0.0689518452	
24	24	0.0689499378	
24	24	0.0689709187	
24	24	0.0689418316	
24	24	0.0689668655	
24	24	0.0689690113	
24	24	0.0689489841	
24	24	0.0689709187	
74	24	0.0821390152	
74	24	0.0821268559	
74	24	0.0821349621	
74	24	0.0821499825	
74	24	0.0821230412	
74	24	0.0821518898	
74	24	0.0821290016	
74	24	0.0821340084	
74	24	0.0821380615	
74	24	0.0821490288	
74	24	0.0821499825	
74	24	0.0821518898	
74	24	0.0821418762	
74	24	0.0821509361	
74	24	0.0821509361	
74	24	0.0821568966	
74	24	0.0821509361	
74	24	0.0821280479	
74	24	0.0821239948	
74	24	0.0821280479	
74	24	0.0821509361	
74	24	0.0821380615	
74	24	0.0821218491	
74	24	0.0821249485	
124	24	0.2238569260	
124	24	0.2238459587	
124	24	0.2238528728	
124	24	0.2238509655	
124	24	0.2238419056	
124	24	0.2238440514	
124	24	0.2238419056	
124	24	0.2238409519	
124	24	0.2238399982	
124	24	0.2238390446	
124	24	0.2238428593	
124	24	0.2238428593	
124	24	0.2238428593	
124	24	0.2238399982	
124	24	0.2238428593	
124	24	0.2238399982	
124	24	0.2238409519	
124	24	0.2238399982	
124	24	0.2238399982	
124	24	0.2238438129	
124	24	0.2238478661	
124	24	0.2238500118	
124	24	0.2238509655	
124	24	0.2238488197	
174	24	0.4807538986	
174	24	0.4807379246	
174	24	0.4807488918	
174	24	0.4807488918	
174	24	0.4807329178	
174	24	0.4807348251	
174	24	0.4807338715	
174	24	0.4807369709	
174	24	0.4807360172	
174	24	0.4807388783	
174	24	0.4807348251	
174	24	0.4807379246	
174	24	0.4807360172	
174	24	0.4807338715	
174	24	0.4807348251	
174	24	0.4807329178	
174	24	0.4807338715	
174	24	0.4807360172	
174	24	0.4807360172	
174	24	0.4807369709	
174	24	0.4807369709	
174	24	0.4807419777	
174	24	0.4807369709	
174	24	0.4807398319	
224	24	0.8373699188	
224	24	0.8373429775	
224	24	0.8373620510	
224	24	0.8373620510	
224	24	0.8373498917	
224	24	0.8373479843	
224	24	0.8373429775	
224	24	0.8373498917	
224	24	0.8373498917	
224	24	0.8373529911	
224	24	0.8373529911	
224	24	0.8373520374	
224	24	0.8373548985	
224	24	0.8373520374	
224	24	0.8373498917	
224	24	0.8373520374	
224	24	0.8373548985	
224	24	0.8373548985	
224	24	0.8373560905	
224	24	0.8373560905	
224	24	0.8373599052	
224	24	0.8373599052	
224	24	0.8373610973	
224	24	0.8373599052	
424	24	3.7497818470	
424	24	3.7497210503	
424	24	3.7497851849	
424	24	3.7497811317	
424	24	3.7497711182	
424	24	3.7497761250	
424	24	3.7497711182	
424	24	3.7497730255	
424	24	3.7497701645	
424	24	3.7497720718	
424	24	3.7497642040	
424	24	3.7497742176	
424	24	3.7497730255	
424	24	3.7497751713	
424	24	3.7497711182	
424	24	3.7497720718	
424	24	3.7497751713	
424	24	3.7497730255	
424	24	3.7497770786	
424	24	3.7497830391	
424	24	3.7497851849	
424	24	3.7497851849	
424	24	3.7497870922	
424	24	3.7497839928	
624	24	8.5853569508	
624	24	8.5852210522	
624	24	8.5853459835	
624	24	8.5853490829	
624	24	8.5853331089	
624	24	8.5853281021	
624	24	8.5853390694	
624	24	8.5853240490	
624	24	8.5853331089	
624	24	8.5853319168	
624	24	8.5853381157	
624	24	8.5853369236	
624	24	8.5853359699	
624	24	8.5853331089	
624	24	8.5853331089	
624	24	8.5853269100	
624	24	8.5853331089	
624	24	8.5853409767	
624	24	8.5853009224	
624	24	8.5853390694	
624	24	8.5853390694	
624	24	8.5853428841	
624	24	8.5853428841	
624	24	8.5853369236	
824	24	13.5508601665	
824	24	13.5506350994	
824	24	13.5508530140	
824	24	13.5508351326	
824	24	13.5508391857	
824	24	13.5508301258	
824	24	13.5508310795	
824	24	13.5508260727	
824	24	13.5508480072	
824	24	13.5508232117	
824	24	13.5508480072	
824	24	13.5508320332	
824	24	13.5508491993	
824	24	13.5508279800	
824	24	13.5508430004	
824	24	13.5508351326	
824	24	13.5508570671	
824	24	13.5508620739	
824	24	13.5508539677	
824	24	13.5508460999	
824	24	13.5508611202	
824	24	13.5508570671	
824	24	13.5508561134	
824	24	13.5508511066	
1024	24	19.3902711868	
1024	24	19.3899550438	
1024	24	19.3902661800	
1024	24	19.3902580738	
1024	24	19.3902461529	
1024	24	19.3902521133	
1024	24	19.3902502060	
1024	24	19.3902440071	
1024	24	19.3902502060	
1024	24	19.3902461529	
1024	24	19.3902511597	
1024	24	19.3902380466	
1024	24	19.3902490139	
1024	24	19.3902380466	
1024	24	19.3902411461	
1024	24	19.3902370930	
1024	24	19.3902661800	
1024	24	19.3902621269	
1024	24	19.3902711868	
1024	24	19.3902750015	
1024	24	19.3902690411	
1024	24	19.3902680874	
1024	24	19.3902671337	
1024	24	19.3902661800	
1224	24	26.7674491405	
1224	24	26.7674651146	
1224	24	26.7674660683	
1224	24	26.7674720287	
1224	24	26.7674491405	
1224	24	26.7674450874	
1224	24	26.7674589157	
1224	24	26.7674579620	
1224	24	26.7674620152	
1224	24	26.7674479485	
1224	24	26.7674541473	
1224	24	26.7674620152	
1224	24	26.7671310902	
1224	24	26.7674629688	
1224	24	26.7674460411	
1224	24	26.7674539089	
1224	24	26.7674670219	
1224	24	26.7674629688	
1224	24	26.7672290802	
1224	24	26.7674698830	
1224	24	26.7674710751	
1224	24	26.7674698830	
1224	24	26.7674639225	
1224	24	26.7674670219	
1424	24	35.9976110458	
1424	24	35.9973878860	
1424	24	35.9976320267	
1424	24	35.9976360798	
1424	24	35.9976060390	
1424	24	35.9976270199	
1424	24	35.9975988865	
1424	24	35.9976179600	
1424	24	35.9976420403	
1424	24	35.9976339340	
1424	24	35.9976360798	
1424	24	35.9973158836	
1424	24	35.9976320267	
1424	24	35.9976298809	
1424	24	35.9976220131	
1424	24	35.9976489544	
1424	24	35.9976119995	
1424	24	35.9976348877	
1424	24	35.9976060390	
1424	24	35.9976511002	
1424	24	35.9976511002	
1424	24	35.9976398945	
1424	24	35.9976439476	
1424	24	35.9976289272	
1624	24	45.9651460648	
1624	24	45.9649100304	
1624	24	45.9651420116	
1624	24	45.9651410580	
1624	24	45.9651129246	
1624	24	45.9651291370	
1624	24	45.9651291370	
1624	24	45.9651191235	
1624	24	45.9651260376	
1624	24	45.9651210308	
1624	24	45.9651060104	
1624	24	45.9648151398	
1624	24	45.9651300907	
1624	24	45.9651100636	
1624	24	45.9650878906	
1624	24	45.9651329517	
1624	24	45.9651398659	
1624	24	45.9651520252	
1624	24	45.9651169777	
1624	24	45.9651410580	
1624	24	45.9651200771	
1624	24	45.9651238918	
1624	24	45.9651329517	
1624	24	45.9651520252	
1824	24	57.2496478558	
1824	24	57.2494108677	
1824	24	57.2496409416	
1824	24	57.2496299744	
1824	24	57.2495908737	
1824	24	57.2496309280	
1824	24	57.2495918274	
1824	24	57.2496168613	
1824	24	57.2496290207	
1824	24	57.2496299744	
1824	24	57.2496259212	
1824	24	57.2493259907	
1824	24	57.2496168613	
1824	24	57.2496109009	
1824	24	57.2496109009	
1824	24	57.2496368885	
1824	24	57.2495999336	
1824	24	57.2496399879	
1824	24	57.2496140003	
1824	24	57.2496209145	
1824	24	57.2496318817	
1824	24	57.2496128082	
1824	24	57.2496039867	
1824	24	57.2496187687	
